{"C:\\Users\\ellas\\Documents\\React\\VitestExercise\\currencytest\\server\\index.ts": {"path":"C:\\Users\\ellas\\Documents\\React\\VitestExercise\\currencytest\\server\\index.ts","statementMap":{"0":{"start":{"line":8,"column":0},"end":{"line":8,"column":null}},"1":{"start":{"line":9,"column":6},"end":{"line":9,"column":null}},"2":{"start":{"line":10,"column":13},"end":{"line":10,"column":null}},"3":{"start":{"line":12,"column":0},"end":{"line":12,"column":null}},"4":{"start":{"line":13,"column":0},"end":{"line":13,"column":null}},"5":{"start":{"line":15,"column":0},"end":{"line":15,"column":null}},"6":{"start":{"line":19,"column":0},"end":{"line":21,"column":null}},"7":{"start":{"line":20,"column":2},"end":{"line":20,"column":null}}},"fnMap":{"0":{"name":"(anonymous_0)","decl":{"start":{"line":19,"column":17},"end":{"line":19,"column":23}},"loc":{"start":{"line":19,"column":23},"end":{"line":21,"column":1}},"line":19}},"branchMap":{"0":{"loc":{"start":{"line":10,"column":13},"end":{"line":10,"column":null}},"type":"binary-expr","locations":[{"start":{"line":10,"column":13},"end":{"line":10,"column":33}},{"start":{"line":10,"column":33},"end":{"line":10,"column":null}}],"line":10}},"s":{"0":1,"1":1,"2":1,"3":1,"4":1,"5":1,"6":1,"7":1},"f":{"0":1},"b":{"0":[1,0]},"meta":{"lastBranch":1,"lastFunction":1,"lastStatement":8,"seen":{"s:8:0:8:Infinity":0,"s:9:6:9:Infinity":1,"s:10:13:10:Infinity":2,"b:10:13:10:33:10:33:10:Infinity":0,"s:12:0:12:Infinity":3,"s:13:0:13:Infinity":4,"s:15:0:15:Infinity":5,"s:19:0:21:Infinity":6,"f:19:17:19:23":0,"s:20:2:20:Infinity":7}}}
,"C:\\Users\\ellas\\Documents\\React\\VitestExercise\\currencytest\\server\\controllers\\currencyController.ts": {"path":"C:\\Users\\ellas\\Documents\\React\\VitestExercise\\currencytest\\server\\controllers\\currencyController.ts","statementMap":{"0":{"start":{"line":4,"column":29},"end":{"line":37,"column":null}},"1":{"start":{"line":5,"column":2},"end":{"line":36,"column":null}},"2":{"start":{"line":6,"column":33},"end":{"line":6,"column":null}},"3":{"start":{"line":8,"column":21},"end":{"line":8,"column":null}},"4":{"start":{"line":9,"column":19},"end":{"line":9,"column":null}},"5":{"start":{"line":10,"column":32},"end":{"line":10,"column":null}},"6":{"start":{"line":12,"column":4},"end":{"line":30,"column":null}},"7":{"start":{"line":13,"column":6},"end":{"line":15,"column":null}},"8":{"start":{"line":16,"column":4},"end":{"line":30,"column":null}},"9":{"start":{"line":17,"column":6},"end":{"line":19,"column":null}},"10":{"start":{"line":21,"column":27},"end":{"line":21,"column":null}},"11":{"start":{"line":22,"column":6},"end":{"line":29,"column":null}},"12":{"start":{"line":23,"column":8},"end":{"line":23,"column":null}},"13":{"start":{"line":24,"column":6},"end":{"line":29,"column":null}},"14":{"start":{"line":25,"column":8},"end":{"line":25,"column":null}},"15":{"start":{"line":27,"column":14},"end":{"line":27,"column":null}},"16":{"start":{"line":28,"column":8},"end":{"line":28,"column":null}},"17":{"start":{"line":32,"column":16},"end":{"line":32,"column":null}},"18":{"start":{"line":33,"column":27},"end":{"line":33,"column":null}},"19":{"start":{"line":34,"column":28},"end":{"line":34,"column":null}},"20":{"start":{"line":35,"column":4},"end":{"line":35,"column":null}}},"fnMap":{"0":{"name":"(anonymous_0)","decl":{"start":{"line":4,"column":29},"end":{"line":4,"column":35}},"loc":{"start":{"line":4,"column":67},"end":{"line":37,"column":null}},"line":4}},"branchMap":{"0":{"loc":{"start":{"line":8,"column":21},"end":{"line":8,"column":null}},"type":"cond-expr","locations":[{"start":{"line":8,"column":48},"end":{"line":8,"column":76}},{"start":{"line":8,"column":76},"end":{"line":8,"column":null}}],"line":8},"1":{"loc":{"start":{"line":9,"column":19},"end":{"line":9,"column":null}},"type":"cond-expr","locations":[{"start":{"line":9,"column":44},"end":{"line":9,"column":70}},{"start":{"line":9,"column":70},"end":{"line":9,"column":null}}],"line":9},"2":{"loc":{"start":{"line":12,"column":4},"end":{"line":30,"column":null}},"type":"if","locations":[{"start":{"line":12,"column":4},"end":{"line":30,"column":null}},{"start":{"line":16,"column":4},"end":{"line":30,"column":null}}],"line":12},"3":{"loc":{"start":{"line":12,"column":8},"end":{"line":12,"column":30}},"type":"binary-expr","locations":[{"start":{"line":12,"column":8},"end":{"line":12,"column":21}},{"start":{"line":12,"column":21},"end":{"line":12,"column":30}}],"line":12},"4":{"loc":{"start":{"line":16,"column":4},"end":{"line":30,"column":null}},"type":"if","locations":[{"start":{"line":16,"column":4},"end":{"line":30,"column":null}},{"start":{"line":20,"column":11},"end":{"line":30,"column":null}}],"line":16},"5":{"loc":{"start":{"line":16,"column":15},"end":{"line":16,"column":89}},"type":"binary-expr","locations":[{"start":{"line":16,"column":15},"end":{"line":16,"column":54}},{"start":{"line":16,"column":54},"end":{"line":16,"column":89}}],"line":16},"6":{"loc":{"start":{"line":21,"column":27},"end":{"line":21,"column":null}},"type":"cond-expr","locations":[{"start":{"line":21,"column":56},"end":{"line":21,"column":65}},{"start":{"line":21,"column":65},"end":{"line":21,"column":null}}],"line":21},"7":{"loc":{"start":{"line":22,"column":6},"end":{"line":29,"column":null}},"type":"if","locations":[{"start":{"line":22,"column":6},"end":{"line":29,"column":null}},{"start":{"line":24,"column":6},"end":{"line":29,"column":null}}],"line":22},"8":{"loc":{"start":{"line":24,"column":6},"end":{"line":29,"column":null}},"type":"if","locations":[{"start":{"line":24,"column":6},"end":{"line":29,"column":null}},{"start":{"line":26,"column":13},"end":{"line":29,"column":null}}],"line":24},"9":{"loc":{"start":{"line":33,"column":27},"end":{"line":33,"column":null}},"type":"cond-expr","locations":[{"start":{"line":33,"column":40},"end":{"line":33,"column":53}},{"start":{"line":33,"column":53},"end":{"line":33,"column":null}}],"line":33}},"s":{"0":2,"1":4,"2":4,"3":4,"4":4,"5":4,"6":4,"7":0,"8":4,"9":2,"10":2,"11":2,"12":0,"13":2,"14":0,"15":2,"16":2,"17":0,"18":0,"19":0,"20":0},"f":{"0":4},"b":{"0":[4,0],"1":[4,0],"2":[0,4],"3":[4,4],"4":[2,2],"5":[4,2],"6":[2,0],"7":[0,2],"8":[0,2],"9":[0,0]},"meta":{"lastBranch":10,"lastFunction":1,"lastStatement":21,"seen":{"s:4:29:37:Infinity":0,"f:4:29:4:35":0,"s:5:2:36:Infinity":1,"s:6:33:6:Infinity":2,"s:8:21:8:Infinity":3,"b:8:48:8:76:8:76:8:Infinity":0,"s:9:19:9:Infinity":4,"b:9:44:9:70:9:70:9:Infinity":1,"s:10:32:10:Infinity":5,"b:12:4:30:Infinity:16:4:30:Infinity":2,"s:12:4:30:Infinity":6,"b:12:8:12:21:12:21:12:30":3,"s:13:6:15:Infinity":7,"b:16:4:30:Infinity:20:11:30:Infinity":4,"s:16:4:30:Infinity":8,"b:16:15:16:54:16:54:16:89":5,"s:17:6:19:Infinity":9,"s:21:27:21:Infinity":10,"b:21:56:21:65:21:65:21:Infinity":6,"b:22:6:29:Infinity:24:6:29:Infinity":7,"s:22:6:29:Infinity":11,"s:23:8:23:Infinity":12,"b:24:6:29:Infinity:26:13:29:Infinity":8,"s:24:6:29:Infinity":13,"s:25:8:25:Infinity":14,"s:27:14:27:Infinity":15,"s:28:8:28:Infinity":16,"s:32:16:32:Infinity":17,"s:33:27:33:Infinity":18,"b:33:40:33:53:33:53:33:Infinity":9,"s:34:28:34:Infinity":19,"s:35:4:35:Infinity":20}}}
,"C:\\Users\\ellas\\Documents\\React\\VitestExercise\\currencytest\\server\\routes\\currencyRoutes.ts": {"path":"C:\\Users\\ellas\\Documents\\React\\VitestExercise\\currencytest\\server\\routes\\currencyRoutes.ts","statementMap":{"0":{"start":{"line":4,"column":6},"end":{"line":4,"column":null}},"1":{"start":{"line":6,"column":0},"end":{"line":6,"column":null}}},"fnMap":{},"branchMap":{},"s":{"0":1,"1":1},"f":{},"b":{},"meta":{"lastBranch":0,"lastFunction":0,"lastStatement":2,"seen":{"s:4:6:4:Infinity":0,"s:6:0:6:Infinity":1}}}
,"C:\\Users\\ellas\\Documents\\React\\VitestExercise\\currencytest\\server\\utils\\convert.ts": {"path":"C:\\Users\\ellas\\Documents\\React\\VitestExercise\\currencytest\\server\\utils\\convert.ts","statementMap":{"0":{"start":{"line":1,"column":35},"end":{"line":1,"column":null}},"1":{"start":{"line":1,"column":77},"end":{"line":1,"column":null}}},"fnMap":{"0":{"name":"(anonymous_0)","decl":{"start":{"line":1,"column":35},"end":{"line":1,"column":36}},"loc":{"start":{"line":1,"column":77},"end":{"line":1,"column":null}},"line":1}},"branchMap":{},"s":{"0":3,"1":2},"f":{"0":2},"b":{},"meta":{"lastBranch":0,"lastFunction":1,"lastStatement":2,"seen":{"s:1:35:1:Infinity":0,"f:1:35:1:36":0,"s:1:77:1:Infinity":1}}}
}
